<?xml version="1.0" encoding="UTF-8"?>
<!-- Generated by org.testng.reporters.JUnitXMLReporter -->
<testsuite ignored="0" hostname="DESKTOP-8A5NKKO" failures="1" tests="10" name="Test" time="95.316" errors="0" timestamp="14 Dec. 2022 18:03:45 GMT">
  <testcase classname="rahulsheetyacademytestcases.LoginPageTest" name="LoginPageRegister" time="0.047"/>
  <testcase classname="rahulsheetyacademytestcases.LoginPageTest" name="UserLogin" time="0.321"/>
  <testcase classname="rahulsheetyacademytestcases.LoginPageTest" name="loginPageTitleTest" time="0.01"/>
  <testcase classname="rahulsheetyacademytestcases.ProductListTest" name="AddToCart" time="1.688"/>
  <testcase classname="rahulsheetyacademytestcases.ProductListTest" name="ProListTest" time="0.41"/>
  <testcase classname="rahulsheetyacademytestcases.ProductListTest" name="cartProductList" time="10.007"/>
  <testcase classname="rahulsheetyacademytestcases.ProductListTest" name="clickOnOrders" time="0.373"/>
  <testcase classname="rahulsheetyacademytestcases.ProductListTest" name="clickToCart" time="1.243"/>
  <testcase classname="rahulsheetyacademytestcases.ProductListTest" name="getNameofProduct" time="0.467"/>
  <testcase classname="rahulsheetyacademytestcases.ProductListTest" name="orderList" time="11.042">
    <failure type="org.openqa.selenium.NoSuchElementException" message="Unable to locate element: //tr/td[3]
For documentation on this error, please visit: https://selenium.dev/exceptions/#no_such_element
Build info: version: &amp;apos;4.6.0&amp;apos;, revision: &amp;apos;79f1c02ae20&amp;apos;
System info: os.name: &amp;apos;Windows 10&amp;apos;, os.arch: &amp;apos;amd64&amp;apos;, os.version: &amp;apos;10.0&amp;apos;, java.version: &amp;apos;15.0.1&amp;apos;
Driver info: org.openqa.selenium.firefox.FirefoxDriver
Command: [feae98f5-78ef-40d8-baff-19f88c1dbcf6, findChildElement {id=6e9e147b-3c05-433b-9afd-ea5ea25c3ec5, using=xpath, value=//tr/td[3]}]
Capabilities {acceptInsecureCerts: true, browserName: firefox, browserVersion: 108.0, moz:accessibilityChecks: false, moz:buildID: 20221208122842, moz:debuggerAddress: 127.0.0.1:36001, moz:geckodriverVersion: 0.32.0, moz:headless: false, moz:platformVersion: 10.0, moz:processID: 5420, moz:profile: C:\Users\Aarzoo\AppData\Loc..., moz:shutdownTimeout: 60000, moz:useNonSpecCompliantPointerOrigin: false, moz:webdriverClick: true, moz:windowless: false, pageLoadStrategy: normal, platformName: WINDOWS, proxy: Proxy(), se:cdp: ws://127.0.0.1:36001/devtoo..., se:cdpVersion: 85.0, setWindowRect: true, strictFileInteractability: false, timeouts: {implicit: 0, pageLoad: 300000, script: 30000}, unhandledPromptBehavior: dismiss and notify}
Session ID: feae98f5-78ef-40d8-baff-19f88c1dbcf6">
      <![CDATA[org.openqa.selenium.NoSuchElementException: Unable to locate element: //tr/td[3]
For documentation on this error, please visit: https://selenium.dev/exceptions/#no_such_element
Build info: version: '4.6.0', revision: '79f1c02ae20'
System info: os.name: 'Windows 10', os.arch: 'amd64', os.version: '10.0', java.version: '15.0.1'
Driver info: org.openqa.selenium.firefox.FirefoxDriver
Command: [feae98f5-78ef-40d8-baff-19f88c1dbcf6, findChildElement {id=6e9e147b-3c05-433b-9afd-ea5ea25c3ec5, using=xpath, value=//tr/td[3]}]
Capabilities {acceptInsecureCerts: true, browserName: firefox, browserVersion: 108.0, moz:accessibilityChecks: false, moz:buildID: 20221208122842, moz:debuggerAddress: 127.0.0.1:36001, moz:geckodriverVersion: 0.32.0, moz:headless: false, moz:platformVersion: 10.0, moz:processID: 5420, moz:profile: C:\Users\Aarzoo\AppData\Loc..., moz:shutdownTimeout: 60000, moz:useNonSpecCompliantPointerOrigin: false, moz:webdriverClick: true, moz:windowless: false, pageLoadStrategy: normal, platformName: WINDOWS, proxy: Proxy(), se:cdp: ws://127.0.0.1:36001/devtoo..., se:cdpVersion: 85.0, setWindowRect: true, strictFileInteractability: false, timeouts: {implicit: 0, pageLoad: 300000, script: 30000}, unhandledPromptBehavior: dismiss and notify}
Session ID: feae98f5-78ef-40d8-baff-19f88c1dbcf6
at org.openqa.selenium.remote.codec.w3c.W3CHttpResponseCodec.createException(W3CHttpResponseCodec.java:200)
at org.openqa.selenium.remote.codec.w3c.W3CHttpResponseCodec.decode(W3CHttpResponseCodec.java:133)
at org.openqa.selenium.remote.codec.w3c.W3CHttpResponseCodec.decode(W3CHttpResponseCodec.java:53)
at org.openqa.selenium.remote.HttpCommandExecutor.execute(HttpCommandExecutor.java:184)
at org.openqa.selenium.remote.service.DriverCommandExecutor.invokeExecute(DriverCommandExecutor.java:167)
at org.openqa.selenium.remote.service.DriverCommandExecutor.execute(DriverCommandExecutor.java:142)
at org.openqa.selenium.remote.RemoteWebDriver.execute(RemoteWebDriver.java:541)
at org.openqa.selenium.remote.ElementLocation$ElementFinder$2.findElement(ElementLocation.java:162)
at org.openqa.selenium.remote.ElementLocation.findElement(ElementLocation.java:60)
at org.openqa.selenium.remote.RemoteWebDriver.findElement(RemoteWebDriver.java:365)
at org.openqa.selenium.remote.RemoteWebElement.findElement(RemoteWebElement.java:227)
at rahulshettyacademy.ProductListPage.lambda$2(ProductListPage.java:77)
at java.base/java.util.stream.ReferencePipeline$2$1.accept(ReferencePipeline.java:176)
at java.base/java.util.ArrayList$ArrayListSpliterator.tryAdvance(ArrayList.java:1602)
at java.base/java.util.stream.ReferencePipeline.forEachWithCancel(ReferencePipeline.java:127)
at java.base/java.util.stream.AbstractPipeline.copyIntoWithCancel(AbstractPipeline.java:502)
at java.base/java.util.stream.AbstractPipeline.copyInto(AbstractPipeline.java:488)
at java.base/java.util.stream.AbstractPipeline.wrapAndCopyInto(AbstractPipeline.java:474)
at java.base/java.util.stream.FindOps$FindOp.evaluateSequential(FindOps.java:150)
at java.base/java.util.stream.AbstractPipeline.evaluate(AbstractPipeline.java:234)
at java.base/java.util.stream.ReferencePipeline.findFirst(ReferencePipeline.java:543)
at rahulshettyacademy.ProductListPage.verifyOrderList(ProductListPage.java:77)
at rahulsheetyacademytestcases.ProductListTest.orderList(ProductListTest.java:64)
... Removed 30 stack frames]]>
    </failure>
  </testcase> <!-- orderList -->
</testsuite> <!-- Test -->
